info it worked if it ends with ok
verbose cli [ 'node', '/usr/local/bin/npm', 'publish', '.' ]
info using npm@1.1.4
info using node@v0.8.4
verbose /usr/local/bin/node node symlink
verbose config file /Users/kevinlin/.npmrc
verbose config file /usr/local/etc/npmrc
verbose config file /usr/local/lib/node_modules/npm/npmrc
verbose publish [ '.' ]
verbose caching /Users/kevinlin/Works/my-github/fekit/package.json
verbose loadDefaults fekit@0.1.14
info prepublish fekit@0.1.14
verbose unsafe-perm in lifecycle true
silly exec sh "-c" "./node_modules/.bin/cake build"
silly spawning [ 'sh', [ '-c', './node_modules/.bin/cake build' ], '.' ]
verbose cache add [ '.', null ]
silly cache add: name, spec, args [ undefined, '.', [ '.', null ] ]
verbose parsed url { pathname: '.', path: '.', href: '.' }
verbose caching package.json
verbose loadDefaults fekit@0.1.14
verbose pack /Users/kevinlin/Works/my-github/fekit
verbose pack /Users/kevinlin/Works/my-github/fekit /var/folders/np/9xkrtf9148jf5nlhv2qt7tbw0000gn/T/npm-1355914826555/1355914826555-0.6454588321503252/tmp.tgz
silly makeList /Users/kevinlin/Works/my-github/fekit
verbose doing fancy crap /Users/kevinlin/Works/my-github/fekit/node_modules
silly dir, dirLen [ '/Users/kevinlin/Works/my-github/fekit', 38 ]
verbose tarball /var/folders/np/9xkrtf9148jf5nlhv2qt7tbw0000gn/T/npm-1355914826555/1355914826555-0.6454588321503252/tmp.tgz
verbose parent /Users/kevinlin/Works/my-github/fekit
verbose mkdir (expected) error ENOENT, stat '/var/folders/np/9xkrtf9148jf5nlhv2qt7tbw0000gn/T/npm-1355914826555/1355914826555-0.6454588321503252/___package.npm'
verbose mkdir done: /var/folders/np/9xkrtf9148jf5nlhv2qt7tbw0000gn/T/npm-1355914826555/1355914826555-0.6454588321503252/___package.npm 755
verbose unpack_ uid, gid [ undefined, undefined ]
verbose unpackTarget /var/folders/np/9xkrtf9148jf5nlhv2qt7tbw0000gn/T/npm-1355914826555/1355914826555-0.6454588321503252/package
silly gunzTarPerm modes [ '755', '644' ]
silly afterUntar ok
silly asyncMap in gTP /var/folders/np/9xkrtf9148jf5nlhv2qt7tbw0000gn/T/npm-1355914826555/1355914826555-0.6454588321503252/___package.npm/fekit
silly asyncMap in gTP /var/folders/np/9xkrtf9148jf5nlhv2qt7tbw0000gn/T/npm-1355914826555/1355914826555-0.6454588321503252/___package.npm/fekit/.npmignore
silly asyncMap in gTP /var/folders/np/9xkrtf9148jf5nlhv2qt7tbw0000gn/T/npm-1355914826555/1355914826555-0.6454588321503252/___package.npm/fekit/Cakefile
silly asyncMap in gTP /var/folders/np/9xkrtf9148jf5nlhv2qt7tbw0000gn/T/npm-1355914826555/1355914826555-0.6454588321503252/___package.npm/fekit/package.json
silly asyncMap in gTP /var/folders/np/9xkrtf9148jf5nlhv2qt7tbw0000gn/T/npm-1355914826555/1355914826555-0.6454588321503252/___package.npm/fekit/README.md
silly asyncMap in gTP /var/folders/np/9xkrtf9148jf5nlhv2qt7tbw0000gn/T/npm-1355914826555/1355914826555-0.6454588321503252/___package.npm/fekit/bin
silly asyncMap in gTP /var/folders/np/9xkrtf9148jf5nlhv2qt7tbw0000gn/T/npm-1355914826555/1355914826555-0.6454588321503252/___package.npm/fekit/bin/fekit
silly asyncMap in gTP /var/folders/np/9xkrtf9148jf5nlhv2qt7tbw0000gn/T/npm-1355914826555/1355914826555-0.6454588321503252/___package.npm/fekit/test
silly asyncMap in gTP /var/folders/np/9xkrtf9148jf5nlhv2qt7tbw0000gn/T/npm-1355914826555/1355914826555-0.6454588321503252/___package.npm/fekit/test/util.coffee
silly asyncMap in gTP /var/folders/np/9xkrtf9148jf5nlhv2qt7tbw0000gn/T/npm-1355914826555/1355914826555-0.6454588321503252/___package.npm/fekit/test/commands
silly asyncMap in gTP /var/folders/np/9xkrtf9148jf5nlhv2qt7tbw0000gn/T/npm-1355914826555/1355914826555-0.6454588321503252/___package.npm/fekit/test/commands/min.coffee
silly asyncMap in gTP /var/folders/np/9xkrtf9148jf5nlhv2qt7tbw0000gn/T/npm-1355914826555/1355914826555-0.6454588321503252/___package.npm/fekit/test/compiler
silly asyncMap in gTP /var/folders/np/9xkrtf9148jf5nlhv2qt7tbw0000gn/T/npm-1355914826555/1355914826555-0.6454588321503252/___package.npm/fekit/test/compiler/compiler.coffee
silly asyncMap in gTP /var/folders/np/9xkrtf9148jf5nlhv2qt7tbw0000gn/T/npm-1355914826555/1355914826555-0.6454588321503252/___package.npm/fekit/lib
silly asyncMap in gTP /var/folders/np/9xkrtf9148jf5nlhv2qt7tbw0000gn/T/npm-1355914826555/1355914826555-0.6454588321503252/___package.npm/fekit/lib/cli.js
silly asyncMap in gTP /var/folders/np/9xkrtf9148jf5nlhv2qt7tbw0000gn/T/npm-1355914826555/1355914826555-0.6454588321503252/___package.npm/fekit/lib/util.js
silly asyncMap in gTP /var/folders/np/9xkrtf9148jf5nlhv2qt7tbw0000gn/T/npm-1355914826555/1355914826555-0.6454588321503252/___package.npm/fekit/lib/commands
silly asyncMap in gTP /var/folders/np/9xkrtf9148jf5nlhv2qt7tbw0000gn/T/npm-1355914826555/1355914826555-0.6454588321503252/___package.npm/fekit/lib/commands/convert.js
silly asyncMap in gTP /var/folders/np/9xkrtf9148jf5nlhv2qt7tbw0000gn/T/npm-1355914826555/1355914826555-0.6454588321503252/___package.npm/fekit/lib/commands/min.js
silly asyncMap in gTP /var/folders/np/9xkrtf9148jf5nlhv2qt7tbw0000gn/T/npm-1355914826555/1355914826555-0.6454588321503252/___package.npm/fekit/lib/commands/pack.js
silly asyncMap in gTP /var/folders/np/9xkrtf9148jf5nlhv2qt7tbw0000gn/T/npm-1355914826555/1355914826555-0.6454588321503252/___package.npm/fekit/lib/commands/server.js
silly asyncMap in gTP /var/folders/np/9xkrtf9148jf5nlhv2qt7tbw0000gn/T/npm-1355914826555/1355914826555-0.6454588321503252/___package.npm/fekit/lib/commands/sync.js
silly asyncMap in gTP /var/folders/np/9xkrtf9148jf5nlhv2qt7tbw0000gn/T/npm-1355914826555/1355914826555-0.6454588321503252/___package.npm/fekit/lib/compiler
silly asyncMap in gTP /var/folders/np/9xkrtf9148jf5nlhv2qt7tbw0000gn/T/npm-1355914826555/1355914826555-0.6454588321503252/___package.npm/fekit/lib/compiler/compiler.js
silly asyncMap in gTP /var/folders/np/9xkrtf9148jf5nlhv2qt7tbw0000gn/T/npm-1355914826555/1355914826555-0.6454588321503252/___package.npm/fekit/lib/compiler/plugins
silly asyncMap in gTP /var/folders/np/9xkrtf9148jf5nlhv2qt7tbw0000gn/T/npm-1355914826555/1355914826555-0.6454588321503252/___package.npm/fekit/lib/compiler/plugins/coffee.js
silly asyncMap in gTP /var/folders/np/9xkrtf9148jf5nlhv2qt7tbw0000gn/T/npm-1355914826555/1355914826555-0.6454588321503252/___package.npm/fekit/lib/compiler/plugins/css.js
silly asyncMap in gTP /var/folders/np/9xkrtf9148jf5nlhv2qt7tbw0000gn/T/npm-1355914826555/1355914826555-0.6454588321503252/___package.npm/fekit/lib/compiler/plugins/js.js
silly asyncMap in gTP /var/folders/np/9xkrtf9148jf5nlhv2qt7tbw0000gn/T/npm-1355914826555/1355914826555-0.6454588321503252/___package.npm/fekit/lib/compiler/plugins/less.js
silly asyncMap in gTP /var/folders/np/9xkrtf9148jf5nlhv2qt7tbw0000gn/T/npm-1355914826555/1355914826555-0.6454588321503252/___package.npm/fekit/lib/compiler/plugins/mustache.js
silly asyncMap in gTP /var/folders/np/9xkrtf9148jf5nlhv2qt7tbw0000gn/T/npm-1355914826555/1355914826555-0.6454588321503252/___package.npm/fekit/src
silly asyncMap in gTP /var/folders/np/9xkrtf9148jf5nlhv2qt7tbw0000gn/T/npm-1355914826555/1355914826555-0.6454588321503252/___package.npm/fekit/src/cli.coffee
silly asyncMap in gTP /var/folders/np/9xkrtf9148jf5nlhv2qt7tbw0000gn/T/npm-1355914826555/1355914826555-0.6454588321503252/___package.npm/fekit/src/util.coffee
silly asyncMap in gTP /var/folders/np/9xkrtf9148jf5nlhv2qt7tbw0000gn/T/npm-1355914826555/1355914826555-0.6454588321503252/___package.npm/fekit/src/commands
silly asyncMap in gTP /var/folders/np/9xkrtf9148jf5nlhv2qt7tbw0000gn/T/npm-1355914826555/1355914826555-0.6454588321503252/___package.npm/fekit/src/commands/convert.coffee
silly asyncMap in gTP /var/folders/np/9xkrtf9148jf5nlhv2qt7tbw0000gn/T/npm-1355914826555/1355914826555-0.6454588321503252/___package.npm/fekit/src/commands/min.coffee
silly asyncMap in gTP /var/folders/np/9xkrtf9148jf5nlhv2qt7tbw0000gn/T/npm-1355914826555/1355914826555-0.6454588321503252/___package.npm/fekit/src/commands/pack.coffee
silly asyncMap in gTP /var/folders/np/9xkrtf9148jf5nlhv2qt7tbw0000gn/T/npm-1355914826555/1355914826555-0.6454588321503252/___package.npm/fekit/src/commands/server.coffee
silly asyncMap in gTP /var/folders/np/9xkrtf9148jf5nlhv2qt7tbw0000gn/T/npm-1355914826555/1355914826555-0.6454588321503252/___package.npm/fekit/src/commands/sync.coffee
silly asyncMap in gTP /var/folders/np/9xkrtf9148jf5nlhv2qt7tbw0000gn/T/npm-1355914826555/1355914826555-0.6454588321503252/___package.npm/fekit/src/compiler
silly asyncMap in gTP /var/folders/np/9xkrtf9148jf5nlhv2qt7tbw0000gn/T/npm-1355914826555/1355914826555-0.6454588321503252/___package.npm/fekit/src/compiler/compiler.coffee
silly asyncMap in gTP /var/folders/np/9xkrtf9148jf5nlhv2qt7tbw0000gn/T/npm-1355914826555/1355914826555-0.6454588321503252/___package.npm/fekit/src/compiler/plugins
silly asyncMap in gTP /var/folders/np/9xkrtf9148jf5nlhv2qt7tbw0000gn/T/npm-1355914826555/1355914826555-0.6454588321503252/___package.npm/fekit/src/compiler/plugins/coffee.coffee
silly asyncMap in gTP /var/folders/np/9xkrtf9148jf5nlhv2qt7tbw0000gn/T/npm-1355914826555/1355914826555-0.6454588321503252/___package.npm/fekit/src/compiler/plugins/js.coffee
silly asyncMap in gTP /var/folders/np/9xkrtf9148jf5nlhv2qt7tbw0000gn/T/npm-1355914826555/1355914826555-0.6454588321503252/___package.npm/fekit/src/compiler/plugins/css.coffee
silly asyncMap in gTP /var/folders/np/9xkrtf9148jf5nlhv2qt7tbw0000gn/T/npm-1355914826555/1355914826555-0.6454588321503252/___package.npm/fekit/src/compiler/plugins/less.coffee
silly asyncMap in gTP /var/folders/np/9xkrtf9148jf5nlhv2qt7tbw0000gn/T/npm-1355914826555/1355914826555-0.6454588321503252/___package.npm/fekit/src/compiler/plugins/mustache.coffee
silly asyncMap in gTP /var/folders/np/9xkrtf9148jf5nlhv2qt7tbw0000gn/T/npm-1355914826555/1355914826555-0.6454588321503252/___package.npm/fekit/testcase
silly asyncMap in gTP /var/folders/np/9xkrtf9148jf5nlhv2qt7tbw0000gn/T/npm-1355914826555/1355914826555-0.6454588321503252/___package.npm/fekit/testcase/modular
silly asyncMap in gTP /var/folders/np/9xkrtf9148jf5nlhv2qt7tbw0000gn/T/npm-1355914826555/1355914826555-0.6454588321503252/___package.npm/fekit/testcase/modular/fekit.config
silly asyncMap in gTP /var/folders/np/9xkrtf9148jf5nlhv2qt7tbw0000gn/T/npm-1355914826555/1355914826555-0.6454588321503252/___package.npm/fekit/testcase/modular/test.html
silly asyncMap in gTP /var/folders/np/9xkrtf9148jf5nlhv2qt7tbw0000gn/T/npm-1355914826555/1355914826555-0.6454588321503252/___package.npm/fekit/testcase/modular/testcase.coffee
silly asyncMap in gTP /var/folders/np/9xkrtf9148jf5nlhv2qt7tbw0000gn/T/npm-1355914826555/1355914826555-0.6454588321503252/___package.npm/fekit/testcase/modular/src
silly asyncMap in gTP /var/folders/np/9xkrtf9148jf5nlhv2qt7tbw0000gn/T/npm-1355914826555/1355914826555-0.6454588321503252/___package.npm/fekit/testcase/modular/src/styles
silly asyncMap in gTP /var/folders/np/9xkrtf9148jf5nlhv2qt7tbw0000gn/T/npm-1355914826555/1355914826555-0.6454588321503252/___package.npm/fekit/testcase/modular/src/styles/a.css
silly asyncMap in gTP /var/folders/np/9xkrtf9148jf5nlhv2qt7tbw0000gn/T/npm-1355914826555/1355914826555-0.6454588321503252/___package.npm/fekit/testcase/modular/src/styles/b.css
silly asyncMap in gTP /var/folders/np/9xkrtf9148jf5nlhv2qt7tbw0000gn/T/npm-1355914826555/1355914826555-0.6454588321503252/___package.npm/fekit/testcase/modular/src/styles/c.css
silly asyncMap in gTP /var/folders/np/9xkrtf9148jf5nlhv2qt7tbw0000gn/T/npm-1355914826555/1355914826555-0.6454588321503252/___package.npm/fekit/testcase/modular/src/styles/d.less
silly asyncMap in gTP /var/folders/np/9xkrtf9148jf5nlhv2qt7tbw0000gn/T/npm-1355914826555/1355914826555-0.6454588321503252/___package.npm/fekit/testcase/modular/src/scripts
silly asyncMap in gTP /var/folders/np/9xkrtf9148jf5nlhv2qt7tbw0000gn/T/npm-1355914826555/1355914826555-0.6454588321503252/___package.npm/fekit/testcase/modular/src/scripts/page-a-part1.coffee
silly asyncMap in gTP /var/folders/np/9xkrtf9148jf5nlhv2qt7tbw0000gn/T/npm-1355914826555/1355914826555-0.6454588321503252/___package.npm/fekit/testcase/modular/src/scripts/page-a.js
silly asyncMap in gTP /var/folders/np/9xkrtf9148jf5nlhv2qt7tbw0000gn/T/npm-1355914826555/1355914826555-0.6454588321503252/___package.npm/fekit/testcase/modular/src/scripts/page-b.js
silly asyncMap in gTP /var/folders/np/9xkrtf9148jf5nlhv2qt7tbw0000gn/T/npm-1355914826555/1355914826555-0.6454588321503252/___package.npm/fekit/testcase/modular/src/scripts/core
silly asyncMap in gTP /var/folders/np/9xkrtf9148jf5nlhv2qt7tbw0000gn/T/npm-1355914826555/1355914826555-0.6454588321503252/___package.npm/fekit/testcase/modular/src/scripts/core/fekit.config
silly asyncMap in gTP /var/folders/np/9xkrtf9148jf5nlhv2qt7tbw0000gn/T/npm-1355914826555/1355914826555-0.6454588321503252/___package.npm/fekit/testcase/modular/src/scripts/core/dom
silly asyncMap in gTP /var/folders/np/9xkrtf9148jf5nlhv2qt7tbw0000gn/T/npm-1355914826555/1355914826555-0.6454588321503252/___package.npm/fekit/testcase/modular/src/scripts/core/dom/helper.js
silly asyncMap in gTP /var/folders/np/9xkrtf9148jf5nlhv2qt7tbw0000gn/T/npm-1355914826555/1355914826555-0.6454588321503252/___package.npm/fekit/testcase/modular/src/scripts/core/template
silly asyncMap in gTP /var/folders/np/9xkrtf9148jf5nlhv2qt7tbw0000gn/T/npm-1355914826555/1355914826555-0.6454588321503252/___package.npm/fekit/testcase/modular/src/scripts/core/template/hogan-2.0.0-fixed.js
silly asyncMap in gTP /var/folders/np/9xkrtf9148jf5nlhv2qt7tbw0000gn/T/npm-1355914826555/1355914826555-0.6454588321503252/___package.npm/fekit/testcase/modular/src/scripts/core/widget
silly asyncMap in gTP /var/folders/np/9xkrtf9148jf5nlhv2qt7tbw0000gn/T/npm-1355914826555/1355914826555-0.6454588321503252/___package.npm/fekit/testcase/modular/src/scripts/core/widget/widget.js
silly asyncMap in gTP /var/folders/np/9xkrtf9148jf5nlhv2qt7tbw0000gn/T/npm-1355914826555/1355914826555-0.6454588321503252/___package.npm/fekit/testcase/modular/src/scripts/core/widget/dialog
silly asyncMap in gTP /var/folders/np/9xkrtf9148jf5nlhv2qt7tbw0000gn/T/npm-1355914826555/1355914826555-0.6454588321503252/___package.npm/fekit/testcase/modular/src/scripts/core/widget/dialog/dialog.js
silly asyncMap in gTP /var/folders/np/9xkrtf9148jf5nlhv2qt7tbw0000gn/T/npm-1355914826555/1355914826555-0.6454588321503252/___package.npm/fekit/testcase/modular/src/scripts/core/widget/dialog/dialog.mustache
silly asyncMap in gTP /var/folders/np/9xkrtf9148jf5nlhv2qt7tbw0000gn/T/npm-1355914826555/1355914826555-0.6454588321503252/___package.npm/fekit/testcase/normal
silly asyncMap in gTP /var/folders/np/9xkrtf9148jf5nlhv2qt7tbw0000gn/T/npm-1355914826555/1355914826555-0.6454588321503252/___package.npm/fekit/testcase/normal/fekit.config
silly asyncMap in gTP /var/folders/np/9xkrtf9148jf5nlhv2qt7tbw0000gn/T/npm-1355914826555/1355914826555-0.6454588321503252/___package.npm/fekit/testcase/normal/test.html
silly asyncMap in gTP /var/folders/np/9xkrtf9148jf5nlhv2qt7tbw0000gn/T/npm-1355914826555/1355914826555-0.6454588321503252/___package.npm/fekit/testcase/normal/testcase.coffee
silly asyncMap in gTP /var/folders/np/9xkrtf9148jf5nlhv2qt7tbw0000gn/T/npm-1355914826555/1355914826555-0.6454588321503252/___package.npm/fekit/testcase/normal/src
silly asyncMap in gTP /var/folders/np/9xkrtf9148jf5nlhv2qt7tbw0000gn/T/npm-1355914826555/1355914826555-0.6454588321503252/___package.npm/fekit/testcase/normal/src/styles
silly asyncMap in gTP /var/folders/np/9xkrtf9148jf5nlhv2qt7tbw0000gn/T/npm-1355914826555/1355914826555-0.6454588321503252/___package.npm/fekit/testcase/normal/src/styles/a.css
silly asyncMap in gTP /var/folders/np/9xkrtf9148jf5nlhv2qt7tbw0000gn/T/npm-1355914826555/1355914826555-0.6454588321503252/___package.npm/fekit/testcase/normal/src/styles/b.css
silly asyncMap in gTP /var/folders/np/9xkrtf9148jf5nlhv2qt7tbw0000gn/T/npm-1355914826555/1355914826555-0.6454588321503252/___package.npm/fekit/testcase/normal/src/styles/c.css
silly asyncMap in gTP /var/folders/np/9xkrtf9148jf5nlhv2qt7tbw0000gn/T/npm-1355914826555/1355914826555-0.6454588321503252/___package.npm/fekit/testcase/normal/src/styles/d.less
silly asyncMap in gTP /var/folders/np/9xkrtf9148jf5nlhv2qt7tbw0000gn/T/npm-1355914826555/1355914826555-0.6454588321503252/___package.npm/fekit/testcase/normal/src/scripts
silly asyncMap in gTP /var/folders/np/9xkrtf9148jf5nlhv2qt7tbw0000gn/T/npm-1355914826555/1355914826555-0.6454588321503252/___package.npm/fekit/testcase/normal/src/scripts/page-a-part1.coffee
silly asyncMap in gTP /var/folders/np/9xkrtf9148jf5nlhv2qt7tbw0000gn/T/npm-1355914826555/1355914826555-0.6454588321503252/___package.npm/fekit/testcase/normal/src/scripts/page-a.js
silly asyncMap in gTP /var/folders/np/9xkrtf9148jf5nlhv2qt7tbw0000gn/T/npm-1355914826555/1355914826555-0.6454588321503252/___package.npm/fekit/testcase/normal/src/scripts/page-b.js
silly asyncMap in gTP /var/folders/np/9xkrtf9148jf5nlhv2qt7tbw0000gn/T/npm-1355914826555/1355914826555-0.6454588321503252/___package.npm/fekit/testcase/normal/src/scripts/core
silly asyncMap in gTP /var/folders/np/9xkrtf9148jf5nlhv2qt7tbw0000gn/T/npm-1355914826555/1355914826555-0.6454588321503252/___package.npm/fekit/testcase/normal/src/scripts/core/fekit.config
silly asyncMap in gTP /var/folders/np/9xkrtf9148jf5nlhv2qt7tbw0000gn/T/npm-1355914826555/1355914826555-0.6454588321503252/___package.npm/fekit/testcase/normal/src/scripts/core/dom
silly asyncMap in gTP /var/folders/np/9xkrtf9148jf5nlhv2qt7tbw0000gn/T/npm-1355914826555/1355914826555-0.6454588321503252/___package.npm/fekit/testcase/normal/src/scripts/core/dom/helper.js
silly asyncMap in gTP /var/folders/np/9xkrtf9148jf5nlhv2qt7tbw0000gn/T/npm-1355914826555/1355914826555-0.6454588321503252/___package.npm/fekit/testcase/normal/src/scripts/core/widget
silly asyncMap in gTP /var/folders/np/9xkrtf9148jf5nlhv2qt7tbw0000gn/T/npm-1355914826555/1355914826555-0.6454588321503252/___package.npm/fekit/testcase/normal/src/scripts/core/widget/widget.js
silly asyncMap in gTP /var/folders/np/9xkrtf9148jf5nlhv2qt7tbw0000gn/T/npm-1355914826555/1355914826555-0.6454588321503252/___package.npm/fekit/testcase/normal/src/scripts/core/widget/dialog
silly asyncMap in gTP /var/folders/np/9xkrtf9148jf5nlhv2qt7tbw0000gn/T/npm-1355914826555/1355914826555-0.6454588321503252/___package.npm/fekit/testcase/normal/src/scripts/core/widget/dialog/dialog.js
silly asyncMap in gTP /var/folders/np/9xkrtf9148jf5nlhv2qt7tbw0000gn/T/npm-1355914826555/1355914826555-0.6454588321503252/___package.npm/fekit/testcase/normal/src/scripts/core/widget/dialog/dialog.mustache
verbose gunzed /var/folders/np/9xkrtf9148jf5nlhv2qt7tbw0000gn/T/npm-1355914826555/1355914826555-0.6454588321503252/___package.npm/fekit
verbose rm'ed /var/folders/np/9xkrtf9148jf5nlhv2qt7tbw0000gn/T/npm-1355914826555/1355914826555-0.6454588321503252/package
verbose renamed [ '/var/folders/np/9xkrtf9148jf5nlhv2qt7tbw0000gn/T/npm-1355914826555/1355914826555-0.6454588321503252/___package.npm/fekit',
verbose renamed   '/var/folders/np/9xkrtf9148jf5nlhv2qt7tbw0000gn/T/npm-1355914826555/1355914826555-0.6454588321503252/package' ]
verbose caching /var/folders/np/9xkrtf9148jf5nlhv2qt7tbw0000gn/T/npm-1355914826555/1355914826555-0.6454588321503252/package/package.json
verbose loadDefaults fekit@0.1.14
verbose tarball contents [ 'package', 'tmp.tgz' ]
verbose from cache /var/folders/np/9xkrtf9148jf5nlhv2qt7tbw0000gn/T/npm-1355914826555/1355914826555-0.6454588321503252/package/package.json
verbose pack /var/folders/np/9xkrtf9148jf5nlhv2qt7tbw0000gn/T/npm-1355914826555/1355914826555-0.6454588321503252/package
verbose pack /var/folders/np/9xkrtf9148jf5nlhv2qt7tbw0000gn/T/npm-1355914826555/1355914826555-0.6454588321503252/package /Users/kevinlin/.npm/fekit/0.1.14/package.tgz
silly makeList /var/folders/np/9xkrtf9148jf5nlhv2qt7tbw0000gn/T/npm-1355914826555/1355914826555-0.6454588321503252/package
silly dir, dirLen [ '/var/folders/np/9xkrtf9148jf5nlhv2qt7tbw0000gn/T/npm-1355914826555/1355914826555-0.6454588321503252/package',
silly dir, dirLen   108 ]
verbose tarball /Users/kevinlin/.npm/fekit/0.1.14/package.tgz
verbose parent /var/folders/np/9xkrtf9148jf5nlhv2qt7tbw0000gn/T/npm-1355914826555/1355914826555-0.6454588321503252/package
verbose mkdir (expected) error ENOENT, stat '/Users/kevinlin/.npm/fekit/0.1.14/___package.npm'
verbose mkdir done: /Users/kevinlin/.npm/fekit/0.1.14/___package.npm 755
verbose unpack_ uid, gid [ undefined, undefined ]
verbose unpackTarget /Users/kevinlin/.npm/fekit/0.1.14/package
silly gunzTarPerm modes [ '755', '644' ]
silly afterUntar ok
silly asyncMap in gTP /Users/kevinlin/.npm/fekit/0.1.14/___package.npm/package
silly asyncMap in gTP /Users/kevinlin/.npm/fekit/0.1.14/___package.npm/package/.npmignore
silly asyncMap in gTP /Users/kevinlin/.npm/fekit/0.1.14/___package.npm/package/Cakefile
silly asyncMap in gTP /Users/kevinlin/.npm/fekit/0.1.14/___package.npm/package/package.json
silly asyncMap in gTP /Users/kevinlin/.npm/fekit/0.1.14/___package.npm/package/README.md
silly asyncMap in gTP /Users/kevinlin/.npm/fekit/0.1.14/___package.npm/package/bin
silly asyncMap in gTP /Users/kevinlin/.npm/fekit/0.1.14/___package.npm/package/bin/fekit
silly asyncMap in gTP /Users/kevinlin/.npm/fekit/0.1.14/___package.npm/package/test
silly asyncMap in gTP /Users/kevinlin/.npm/fekit/0.1.14/___package.npm/package/test/util.coffee
silly asyncMap in gTP /Users/kevinlin/.npm/fekit/0.1.14/___package.npm/package/test/compiler
silly asyncMap in gTP /Users/kevinlin/.npm/fekit/0.1.14/___package.npm/package/test/compiler/compiler.coffee
silly asyncMap in gTP /Users/kevinlin/.npm/fekit/0.1.14/___package.npm/package/test/commands
silly asyncMap in gTP /Users/kevinlin/.npm/fekit/0.1.14/___package.npm/package/test/commands/min.coffee
silly asyncMap in gTP /Users/kevinlin/.npm/fekit/0.1.14/___package.npm/package/lib
silly asyncMap in gTP /Users/kevinlin/.npm/fekit/0.1.14/___package.npm/package/lib/cli.js
silly asyncMap in gTP /Users/kevinlin/.npm/fekit/0.1.14/___package.npm/package/lib/util.js
silly asyncMap in gTP /Users/kevinlin/.npm/fekit/0.1.14/___package.npm/package/lib/commands
silly asyncMap in gTP /Users/kevinlin/.npm/fekit/0.1.14/___package.npm/package/lib/commands/convert.js
silly asyncMap in gTP /Users/kevinlin/.npm/fekit/0.1.14/___package.npm/package/lib/commands/min.js
silly asyncMap in gTP /Users/kevinlin/.npm/fekit/0.1.14/___package.npm/package/lib/commands/pack.js
silly asyncMap in gTP /Users/kevinlin/.npm/fekit/0.1.14/___package.npm/package/lib/commands/server.js
silly asyncMap in gTP /Users/kevinlin/.npm/fekit/0.1.14/___package.npm/package/lib/commands/sync.js
silly asyncMap in gTP /Users/kevinlin/.npm/fekit/0.1.14/___package.npm/package/lib/compiler
silly asyncMap in gTP /Users/kevinlin/.npm/fekit/0.1.14/___package.npm/package/lib/compiler/compiler.js
silly asyncMap in gTP /Users/kevinlin/.npm/fekit/0.1.14/___package.npm/package/lib/compiler/plugins
silly asyncMap in gTP /Users/kevinlin/.npm/fekit/0.1.14/___package.npm/package/lib/compiler/plugins/coffee.js
silly asyncMap in gTP /Users/kevinlin/.npm/fekit/0.1.14/___package.npm/package/lib/compiler/plugins/css.js
silly asyncMap in gTP /Users/kevinlin/.npm/fekit/0.1.14/___package.npm/package/lib/compiler/plugins/js.js
silly asyncMap in gTP /Users/kevinlin/.npm/fekit/0.1.14/___package.npm/package/lib/compiler/plugins/less.js
silly asyncMap in gTP /Users/kevinlin/.npm/fekit/0.1.14/___package.npm/package/lib/compiler/plugins/mustache.js
silly asyncMap in gTP /Users/kevinlin/.npm/fekit/0.1.14/___package.npm/package/src
silly asyncMap in gTP /Users/kevinlin/.npm/fekit/0.1.14/___package.npm/package/src/cli.coffee
silly asyncMap in gTP /Users/kevinlin/.npm/fekit/0.1.14/___package.npm/package/src/util.coffee
silly asyncMap in gTP /Users/kevinlin/.npm/fekit/0.1.14/___package.npm/package/src/commands
silly asyncMap in gTP /Users/kevinlin/.npm/fekit/0.1.14/___package.npm/package/src/commands/convert.coffee
silly asyncMap in gTP /Users/kevinlin/.npm/fekit/0.1.14/___package.npm/package/src/commands/min.coffee
silly asyncMap in gTP /Users/kevinlin/.npm/fekit/0.1.14/___package.npm/package/src/commands/pack.coffee
silly asyncMap in gTP /Users/kevinlin/.npm/fekit/0.1.14/___package.npm/package/src/commands/server.coffee
silly asyncMap in gTP /Users/kevinlin/.npm/fekit/0.1.14/___package.npm/package/src/commands/sync.coffee
silly asyncMap in gTP /Users/kevinlin/.npm/fekit/0.1.14/___package.npm/package/src/compiler
silly asyncMap in gTP /Users/kevinlin/.npm/fekit/0.1.14/___package.npm/package/src/compiler/compiler.coffee
silly asyncMap in gTP /Users/kevinlin/.npm/fekit/0.1.14/___package.npm/package/src/compiler/plugins
silly asyncMap in gTP /Users/kevinlin/.npm/fekit/0.1.14/___package.npm/package/src/compiler/plugins/coffee.coffee
silly asyncMap in gTP /Users/kevinlin/.npm/fekit/0.1.14/___package.npm/package/src/compiler/plugins/css.coffee
silly asyncMap in gTP /Users/kevinlin/.npm/fekit/0.1.14/___package.npm/package/src/compiler/plugins/js.coffee
silly asyncMap in gTP /Users/kevinlin/.npm/fekit/0.1.14/___package.npm/package/src/compiler/plugins/less.coffee
silly asyncMap in gTP /Users/kevinlin/.npm/fekit/0.1.14/___package.npm/package/src/compiler/plugins/mustache.coffee
silly asyncMap in gTP /Users/kevinlin/.npm/fekit/0.1.14/___package.npm/package/testcase
silly asyncMap in gTP /Users/kevinlin/.npm/fekit/0.1.14/___package.npm/package/testcase/modular
silly asyncMap in gTP /Users/kevinlin/.npm/fekit/0.1.14/___package.npm/package/testcase/modular/fekit.config
silly asyncMap in gTP /Users/kevinlin/.npm/fekit/0.1.14/___package.npm/package/testcase/modular/test.html
silly asyncMap in gTP /Users/kevinlin/.npm/fekit/0.1.14/___package.npm/package/testcase/modular/testcase.coffee
silly asyncMap in gTP /Users/kevinlin/.npm/fekit/0.1.14/___package.npm/package/testcase/modular/src
silly asyncMap in gTP /Users/kevinlin/.npm/fekit/0.1.14/___package.npm/package/testcase/modular/src/styles
silly asyncMap in gTP /Users/kevinlin/.npm/fekit/0.1.14/___package.npm/package/testcase/modular/src/styles/a.css
silly asyncMap in gTP /Users/kevinlin/.npm/fekit/0.1.14/___package.npm/package/testcase/modular/src/styles/b.css
silly asyncMap in gTP /Users/kevinlin/.npm/fekit/0.1.14/___package.npm/package/testcase/modular/src/styles/c.css
silly asyncMap in gTP /Users/kevinlin/.npm/fekit/0.1.14/___package.npm/package/testcase/modular/src/styles/d.less
silly asyncMap in gTP /Users/kevinlin/.npm/fekit/0.1.14/___package.npm/package/testcase/modular/src/scripts
silly asyncMap in gTP /Users/kevinlin/.npm/fekit/0.1.14/___package.npm/package/testcase/modular/src/scripts/page-a-part1.coffee
silly asyncMap in gTP /Users/kevinlin/.npm/fekit/0.1.14/___package.npm/package/testcase/modular/src/scripts/page-a.js
silly asyncMap in gTP /Users/kevinlin/.npm/fekit/0.1.14/___package.npm/package/testcase/modular/src/scripts/page-b.js
silly asyncMap in gTP /Users/kevinlin/.npm/fekit/0.1.14/___package.npm/package/testcase/modular/src/scripts/core
silly asyncMap in gTP /Users/kevinlin/.npm/fekit/0.1.14/___package.npm/package/testcase/modular/src/scripts/core/fekit.config
silly asyncMap in gTP /Users/kevinlin/.npm/fekit/0.1.14/___package.npm/package/testcase/modular/src/scripts/core/dom
silly asyncMap in gTP /Users/kevinlin/.npm/fekit/0.1.14/___package.npm/package/testcase/modular/src/scripts/core/dom/helper.js
silly asyncMap in gTP /Users/kevinlin/.npm/fekit/0.1.14/___package.npm/package/testcase/modular/src/scripts/core/template
silly asyncMap in gTP /Users/kevinlin/.npm/fekit/0.1.14/___package.npm/package/testcase/modular/src/scripts/core/template/hogan-2.0.0-fixed.js
silly asyncMap in gTP /Users/kevinlin/.npm/fekit/0.1.14/___package.npm/package/testcase/modular/src/scripts/core/widget
silly asyncMap in gTP /Users/kevinlin/.npm/fekit/0.1.14/___package.npm/package/testcase/modular/src/scripts/core/widget/widget.js
silly asyncMap in gTP /Users/kevinlin/.npm/fekit/0.1.14/___package.npm/package/testcase/modular/src/scripts/core/widget/dialog
silly asyncMap in gTP /Users/kevinlin/.npm/fekit/0.1.14/___package.npm/package/testcase/modular/src/scripts/core/widget/dialog/dialog.js
silly asyncMap in gTP /Users/kevinlin/.npm/fekit/0.1.14/___package.npm/package/testcase/modular/src/scripts/core/widget/dialog/dialog.mustache
silly asyncMap in gTP /Users/kevinlin/.npm/fekit/0.1.14/___package.npm/package/testcase/normal
silly asyncMap in gTP /Users/kevinlin/.npm/fekit/0.1.14/___package.npm/package/testcase/normal/fekit.config
silly asyncMap in gTP /Users/kevinlin/.npm/fekit/0.1.14/___package.npm/package/testcase/normal/test.html
silly asyncMap in gTP /Users/kevinlin/.npm/fekit/0.1.14/___package.npm/package/testcase/normal/testcase.coffee
silly asyncMap in gTP /Users/kevinlin/.npm/fekit/0.1.14/___package.npm/package/testcase/normal/src
silly asyncMap in gTP /Users/kevinlin/.npm/fekit/0.1.14/___package.npm/package/testcase/normal/src/styles
silly asyncMap in gTP /Users/kevinlin/.npm/fekit/0.1.14/___package.npm/package/testcase/normal/src/styles/a.css
silly asyncMap in gTP /Users/kevinlin/.npm/fekit/0.1.14/___package.npm/package/testcase/normal/src/styles/b.css
silly asyncMap in gTP /Users/kevinlin/.npm/fekit/0.1.14/___package.npm/package/testcase/normal/src/styles/c.css
silly asyncMap in gTP /Users/kevinlin/.npm/fekit/0.1.14/___package.npm/package/testcase/normal/src/styles/d.less
silly asyncMap in gTP /Users/kevinlin/.npm/fekit/0.1.14/___package.npm/package/testcase/normal/src/scripts
silly asyncMap in gTP /Users/kevinlin/.npm/fekit/0.1.14/___package.npm/package/testcase/normal/src/scripts/page-a-part1.coffee
silly asyncMap in gTP /Users/kevinlin/.npm/fekit/0.1.14/___package.npm/package/testcase/normal/src/scripts/page-a.js
silly asyncMap in gTP /Users/kevinlin/.npm/fekit/0.1.14/___package.npm/package/testcase/normal/src/scripts/page-b.js
silly asyncMap in gTP /Users/kevinlin/.npm/fekit/0.1.14/___package.npm/package/testcase/normal/src/scripts/core
silly asyncMap in gTP /Users/kevinlin/.npm/fekit/0.1.14/___package.npm/package/testcase/normal/src/scripts/core/fekit.config
silly asyncMap in gTP /Users/kevinlin/.npm/fekit/0.1.14/___package.npm/package/testcase/normal/src/scripts/core/dom
silly asyncMap in gTP /Users/kevinlin/.npm/fekit/0.1.14/___package.npm/package/testcase/normal/src/scripts/core/dom/helper.js
silly asyncMap in gTP /Users/kevinlin/.npm/fekit/0.1.14/___package.npm/package/testcase/normal/src/scripts/core/widget
silly asyncMap in gTP /Users/kevinlin/.npm/fekit/0.1.14/___package.npm/package/testcase/normal/src/scripts/core/widget/widget.js
silly asyncMap in gTP /Users/kevinlin/.npm/fekit/0.1.14/___package.npm/package/testcase/normal/src/scripts/core/widget/dialog
silly asyncMap in gTP /Users/kevinlin/.npm/fekit/0.1.14/___package.npm/package/testcase/normal/src/scripts/core/widget/dialog/dialog.js
silly asyncMap in gTP /Users/kevinlin/.npm/fekit/0.1.14/___package.npm/package/testcase/normal/src/scripts/core/widget/dialog/dialog.mustache
verbose gunzed /Users/kevinlin/.npm/fekit/0.1.14/___package.npm/package
verbose rm'ed /Users/kevinlin/.npm/fekit/0.1.14/package
verbose renamed [ '/Users/kevinlin/.npm/fekit/0.1.14/___package.npm/package',
verbose renamed   '/Users/kevinlin/.npm/fekit/0.1.14/package' ]
verbose caching /Users/kevinlin/.npm/fekit/0.1.14/package/package.json
verbose loadDefaults fekit@0.1.14
silly updated sha bytes 36214
info shasum 3edab594f85a018e60cae2921ef4723a21a01527
info shasum /Users/kevinlin/.npm/fekit/0.1.14/package.tgz
verbose from cache /Users/kevinlin/.npm/fekit/0.1.14/package/package.json
verbose chmod /Users/kevinlin/.npm/fekit/0.1.14/package.tgz 644
verbose chown [ '/Users/kevinlin/.npm/fekit/0.1.14/package.tgz', 501, 20 ]
silly publish { author: { name: 'hao.lin', email: 'hao.lin@qunar.com' },
silly publish   name: 'fekit',
silly publish   description: 'FE Toolkit',
silly publish   version: '0.1.14',
silly publish   bin: { fekit: './bin/fekit' },
silly publish   repository: { type: 'git', url: 'git://github.com/rinh/fekit.git' },
silly publish   dependencies: 
silly publish    { 'coffee-script': '1.4.x',
silly publish      underscore: '1.4.x',
silly publish      async: '0.1.x',
silly publish      'graceful-fs': '1.1.x',
silly publish      mocha: '1.7.x',
silly publish      chai: '1.3.x',
silly publish      'hogan.js': '2.x',
silly publish      optimist: '0.3.x',
silly publish      connect: '2.7.x',
silly publish      urlrouter: '0.2.x',
silly publish      mkdirp: '0.3.x',
silly publish      'uglify-js': '1.3.x',
silly publish      uglifycss: '0.0.5',
silly publish      MD5: '1.0.x',
silly publish      less: '1.3.x',
silly publish      yaml: '0.2.x',
silly publish      findit: '0.1.x',
silly publish      cjson: '0.2.x',
silly publish      'connect-url-rewrite': '0.1.0' },
silly publish   devDependencies: {},
silly publish   optionalDependencies: {},
silly publish   engines: { node: '*' },
silly publish   license: 'MIT',
silly publish   scripts: 
silly publish    { pretest: './node_modules/.bin/cake build',
silly publish      prepublish: './node_modules/.bin/cake build',
silly publish      test: './node_modules/.bin/cake test' },
silly publish   _npmUser: { name: 'rinh', email: 'lhqunar@gmail.com' },
silly publish   _id: 'fekit@0.1.14',
silly publish   _engineSupported: true,
silly publish   _npmVersion: '1.1.4',
silly publish   _nodeVersion: 'v0.8.4',
silly publish   _defaultsLoaded: true,
silly publish   dist: 
silly publish    { shasum: '3edab594f85a018e60cae2921ef4723a21a01527',
silly publish      tarball: 'http://registry.npmjs.org/fekit/-/fekit-0.1.14.tgz' } }
verbose raw, before any munging fekit
verbose url resolving [ 'https://registry.npmjs.org/', './fekit' ]
verbose url resolved https://registry.npmjs.org/fekit
http PUT https://registry.npmjs.org/fekit
http 409 https://registry.npmjs.org/fekit
verbose raw, before any munging fekit
verbose url resolving [ 'https://registry.npmjs.org/', './fekit' ]
verbose url resolved https://registry.npmjs.org/fekit
http GET https://registry.npmjs.org/fekit
http 200 https://registry.npmjs.org/fekit
info Already published fekit@0.1.14
verbose uploading bin dists []
ERR! publish fail Cannot publish over existing version.
ERR! publish fail Bump the 'version' field, set the --force flag, or
ERR! publish fail     npm unpublish 'fekit@0.1.14'
ERR! publish fail and try again
ERR! 
ERR! System Darwin 12.2.0
ERR! command "node" "/usr/local/bin/npm" "publish" "."
ERR! cwd /Users/kevinlin/Works/my-github/fekit
ERR! node -v v0.8.4
ERR! npm -v 1.1.4
ERR! code EPUBLISHCONFLICT
ERR! message publish fail
ERR! errno {}
verbose exit [ 1, true ]
